<?xml version="1.0" encoding="UTF-8"?>
<!-- Generated by org.testng.reporters.JUnitReportReporter -->
<testsuite skipped="0" hostname="IRIN00170" name="Jenkin.Sample.com.JenkinNGTesting.Jenkin_Testing_1" tests="1" failures="0" timestamp="19 Dec 2018 13:15:02 GMT" time="0.011" errors="0">
  <testcase name="f" time="0.011" classname="Jenkin.Sample.com.JenkinNGTesting.Jenkin_Testing_1"/>
</testsuite> <!-- Jenkin.Sample.com.JenkinNGTesting.Jenkin_Testing_1 -->
